<?xml version="1.0" encoding="UTF-8"?>
<!-- Generated by org.testng.reporters.JUnitXMLReporter -->
<testsuite ignored="1" hostname="DUBSINGVI04-WXL" failures="1" tests="3" name="Gradle - Selenium with TestNG Tests" time="21.802" errors="0" timestamp="2023-02-27T23:14:23 GMT">
  <testcase classname="org.example.tests.LoginTests" name="invalidCredentials" time="1.903"/>
  <testcase classname="org.example.tests.LoginTests" name="gotoHomePage" time="1.712"/>
  <testcase classname="org.example.tests.LoginTests" name="missingUsername" time="0.752">
    <failure type="java.lang.AssertionError" message="expected [Invalid credentials] but found [Required]">
      <![CDATA[java.lang.AssertionError: expected [Invalid credentials] but found [Required]
at org.example.tests.LoginTests.missingUsername(LoginTests.java:51)
at java.base/java.util.ArrayList.forEach(ArrayList.java:1511)
at jdk.proxy1/jdk.proxy1.$Proxy2.stop(Unknown Source)
... Removed 50 stack frames]]>
    </failure>
  </testcase> <!-- missingUsername -->
  <testcase classname="org.example.tests.LoginTests" name="missingPassword" time="0.0">
    <ignored/>
  </testcase> <!-- missingPassword -->
</testsuite> <!-- Gradle - Selenium with TestNG Tests -->
